This is pdfTeXk, Version 3.1415926-1.40.9 (Web2C 7.5.7) (format=latex 2011.4.11)  27 JUN 2011 12:33
entering extended mode
 %&-line parsing enabled.
**nw.tex
(./nw.tex
LaTeX2e <2005/12/01>
Babel <v3.8l> and hyphenation patterns for english, usenglishmax, dumylang, noh
yphenation, hungarian, loaded.
(/usr/share/texmf-dist/tex/latex/base/article.cls
Document Class: article 2005/09/16 v1.4f Standard LaTeX document class
(/usr/share/texmf-dist/tex/latex/base/size12.clo
File: size12.clo 2005/09/16 v1.4f Standard LaTeX file (size option)
)
\c@part=\count79
\c@section=\count80
\c@subsection=\count81
\c@subsubsection=\count82
\c@paragraph=\count83
\c@subparagraph=\count84
\c@figure=\count85
\c@table=\count86
\abovecaptionskip=\skip41
\belowcaptionskip=\skip42
\bibindent=\dimen102
)
(/usr/share/texmf-dist/tex/latex/base/fixltx2e.sty
Package: fixltx2e 2006/03/24 v1.1n fixes to LaTeX
LaTeX Info: Redefining \em on input line 420.
)
(/usr/share/texmf-dist/tex/latex/float/float.sty
Package: float 2001/11/08 v1.3d Float enhancements (AL)
\c@float@type=\count87
\float@exts=\toks14
\float@box=\box26
\@float@everytoks=\toks15
\@floatcapt=\box27
)
(/usr/share/texmf-dist/tex/latex/base/inputenc.sty
Package: inputenc 2006/05/05 v1.1b Input encoding file
\inpenc@prehook=\toks16
\inpenc@posthook=\toks17

(/usr/share/texmf-dist/tex/latex/base/latin2.def
File: latin2.def 2006/05/05 v1.1b Input encoding file
))
(/usr/share/texmf-dist/tex/generic/babel/babel.sty
Package: babel 2008/07/06 v3.8l The Babel package

(/usr/share/texmf-dist/tex/generic/babel/magyar.ldf
Language: magyar 2005/03/30 v1.4j Magyar support from the babel system

(/usr/share/texmf-dist/tex/generic/babel/babel.def
File: babel.def 2008/07/06 v3.8l Babel common definitions
\babel@savecnt=\count88
\U@D=\dimen103
)
Package babel Info: Making ` an active character on input line 597.
))
(/usr/share/texmf-dist/tex/latex/algorithms/algorithmic.sty
Package: algorithmic 2006/06/02

Document Style `algorithmic' - environment
(/usr/share/texmf-dist/tex/latex/base/ifthen.sty
Package: ifthen 2001/05/26 v1.1c Standard LaTeX ifthen package (DPC)
)
(/usr/share/texmf-dist/tex/latex/tools/calc.sty
Package: calc 2005/08/06 v4.2 Infix arithmetic (KKT,FJ)
\calc@Acount=\count89
\calc@Bcount=\count90
\calc@Adimen=\dimen104
\calc@Bdimen=\dimen105
\calc@Askip=\skip43
\calc@Bskip=\skip44
LaTeX Info: Redefining \setlength on input line 75.
LaTeX Info: Redefining \addtolength on input line 76.
\calc@Ccount=\count91
\calc@Cskip=\skip45
)
(/usr/share/texmf-dist/tex/latex/graphics/keyval.sty
Package: keyval 1999/03/16 v1.13 key=value parser (DPC)
\KV@toks@=\toks18
)
\c@ALC@line=\count92
\c@ALC@rem=\count93
\c@ALC@depth=\count94
\ALC@tlm=\skip46
\algorithmicindent=\skip47
)
(/usr/share/texmf-dist/tex/latex/fancyhdr/fancyhdr.sty
\fancy@headwidth=\skip48
\f@ncyO@elh=\skip49
\f@ncyO@erh=\skip50
\f@ncyO@olh=\skip51
\f@ncyO@orh=\skip52
\f@ncyO@elf=\skip53
\f@ncyO@erf=\skip54
\f@ncyO@olf=\skip55
\f@ncyO@orf=\skip56
)
(/usr/share/texmf-dist/tex/latex/wrapfig/wrapfig.sty
\wrapoverhang=\dimen106
\WF@size=\dimen107
\c@WF@wrappedlines=\count95
\WF@box=\box28
\WF@everypar=\toks19
Package: wrapfig 2003/01/31  v 3.6
)
(/usr/share/texmf-dist/tex/latex/psfrag/psfrag.sty
Package: psfrag 1998/04/11 v3.04 PSfrag (MCG)

(/usr/share/texmf-dist/tex/latex/graphics/graphics.sty
Package: graphics 2006/02/20 v1.0o Standard LaTeX Graphics (DPC,SPQR)

(/usr/share/texmf-dist/tex/latex/graphics/trig.sty
Package: trig 1999/03/16 v1.09 sin cos tan (DPC)
)
(/usr/share/texmf/tex/latex/config/graphics.cfg
File: graphics.cfg 2007/01/18 v1.5 graphics configuration of teTeX/TeXLive
)
Package graphics Info: Driver file: dvips.def on input line 90.

(/usr/share/texmf-dist/tex/latex/graphics/dvips.def
File: dvips.def 1999/02/16 v3.0i Driver-dependant file (DPC,SPQR)
))
\pfg@pcount=\count96
\pfg@scount=\count97
\pfg@temp=\write3
)
(/usr/share/texmf-dist/tex/latex/multirow/multirow.sty
\bigstrutjot=\dimen108
)
(/usr/share/texmf-dist/tex/latex/amsmath/amsmath.sty
Package: amsmath 2000/07/18 v2.13 AMS math features
\@mathmargin=\skip57

For additional information on amsmath, use the `?' option.
(/usr/share/texmf-dist/tex/latex/amsmath/amstext.sty
Package: amstext 2000/06/29 v2.01

(/usr/share/texmf-dist/tex/latex/amsmath/amsgen.sty
File: amsgen.sty 1999/11/30 v2.0
\@emptytoks=\toks20
\ex@=\dimen109
))
(/usr/share/texmf-dist/tex/latex/amsmath/amsbsy.sty
Package: amsbsy 1999/11/29 v1.2d
\pmbraise@=\dimen110
)
(/usr/share/texmf-dist/tex/latex/amsmath/amsopn.sty
Package: amsopn 1999/12/14 v2.01 operator names
)
\inf@bad=\count98
LaTeX Info: Redefining \frac on input line 211.
\uproot@=\count99
\leftroot@=\count100
LaTeX Info: Redefining \overline on input line 307.
\classnum@=\count101
\DOTSCASE@=\count102
LaTeX Info: Redefining \ldots on input line 379.
LaTeX Info: Redefining \dots on input line 382.
LaTeX Info: Redefining \cdots on input line 467.
\Mathstrutbox@=\box29
\strutbox@=\box30
\big@size=\dimen111
LaTeX Font Info:    Redeclaring font encoding OML on input line 567.
LaTeX Font Info:    Redeclaring font encoding OMS on input line 568.
\macc@depth=\count103
\c@MaxMatrixCols=\count104
\dotsspace@=\muskip10
\c@parentequation=\count105
\dspbrk@lvl=\count106
\tag@help=\toks21
\row@=\count107
\column@=\count108
\maxfields@=\count109
\andhelp@=\toks22
\eqnshift@=\dimen112
\alignsep@=\dimen113
\tagshift@=\dimen114
\tagwidth@=\dimen115
\totwidth@=\dimen116
\lineht@=\dimen117
\@envbody=\toks23
\multlinegap=\skip58
\multlinetaggap=\skip59
\mathdisplay@stack=\toks24
LaTeX Info: Redefining \[ on input line 2666.
LaTeX Info: Redefining \] on input line 2667.
)
(/usr/share/texmf-dist/tex/latex/setspace/setspace.sty
Package: setspace 2000/12/01 6.7 Contributed and Supported LaTeX2e package

Package: `setspace' 6.7 <2000/12/01>
) (/usr/share/texmf-dist/tex/latex/graphics/graphicx.sty
Package: graphicx 1999/02/16 v1.0f Enhanced LaTeX Graphics (DPC,SPQR)
\Gin@req@height=\dimen118
\Gin@req@width=\dimen119
)
(/usr/share/texmf-dist/tex/latex/graphics/color.sty
Package: color 2005/11/14 v1.0j Standard LaTeX Color (DPC)

(/usr/share/texmf/tex/latex/config/color.cfg
File: color.cfg 2007/01/18 v1.5 color configuration of teTeX/TeXLive
)
Package color Info: Driver file: dvips.def on input line 130.

(/usr/share/texmf-dist/tex/latex/graphics/dvipsnam.def
File: dvipsnam.def 1999/02/16 v3.0i Driver-dependant file (DPC,SPQR)
))
(/usr/share/texmf-dist/tex/latex/geometry/geometry.sty
Package: geometry 2002/07/08 v3.2 Page Geometry
\Gm@cnth=\count110
\Gm@cntv=\count111
\c@Gm@tempcnt=\count112
\Gm@bindingoffset=\dimen120
\Gm@wd@mp=\dimen121
\Gm@odd@mp=\dimen122
\Gm@even@mp=\dimen123
\Gm@dimlist=\toks25
)
(/usr/share/texmf-dist/tex/latex/subfig/subfig.sty
Package: subfig 2005/06/28 ver: 1.3 subfig package

(/usr/share/texmf-dist/tex/latex/caption/caption.sty
Package: caption 2008/04/01 v3.1h Customizing captions (AR)

(/usr/share/texmf-dist/tex/latex/caption/caption3.sty
Package: caption3 2008/03/20 v3.1h caption3 kernel (AR)
\captionmargin=\dimen124
\captionmargin@=\dimen125
\captionwidth=\dimen126
\caption@indent=\dimen127
\caption@parindent=\dimen128
\caption@hangindent=\dimen129
)
\c@ContinuedFloat=\count113
Package caption Info: float package is loaded.
Package caption Info: wrapfig package is loaded.
)
\c@KVtest=\count114
\sf@farskip=\skip60
\sf@captopadj=\dimen130
\sf@capskip=\skip61
\sf@nearskip=\skip62
\c@subfigure=\count115
\c@subfigure@save=\count116
\c@lofdepth=\count117
\c@subtable=\count118
\c@subtable@save=\count119
\c@lotdepth=\count120
\sf@top=\skip63
\sf@bottom=\skip64
)
(/usr/share/texmf-dist/tex/latex/tools/longtable.sty
Package: longtable 2004/02/01 v4.11 Multi-page Table package (DPC)
\LTleft=\skip65
\LTright=\skip66
\LTpre=\skip67
\LTpost=\skip68
\LTchunksize=\count121
\LTcapwidth=\dimen131
\LT@head=\box31
\LT@firsthead=\box32
\LT@foot=\box33
\LT@lastfoot=\box34
\LT@cols=\count122
\LT@rows=\count123
\c@LT@tables=\count124
\c@LT@chunks=\count125
\LT@p@ftn=\toks26
)
(/usr/share/texmf-dist/tex/latex/colortbl/colortbl.sty
Package: colortbl 2001/02/13 v0.1j Color table columns (DPC)

(/usr/share/texmf-dist/tex/latex/tools/array.sty
Package: array 2005/08/23 v2.4b Tabular extension package (FMi)
\col@sep=\dimen132
\extrarowheight=\dimen133
\NC@list=\toks27
\extratabsurround=\skip69
\backup@length=\skip70
)
\everycr=\toks28
\minrowclearance=\skip71
)
(/usr/share/texmf-dist/tex/latex/tools/tabularx.sty
Package: tabularx 1999/01/07 v2.07 `tabularx' package (DPC)
\TX@col@width=\dimen134
\TX@old@table=\dimen135
\TX@old@col=\dimen136
\TX@target=\dimen137
\TX@delta=\dimen138
\TX@cols=\count126
\TX@ftn=\toks29
)
(/usr/share/texmf-dist/tex/latex/ltxmisc/ulem.sty
\UL@box=\box35
\UL@hyphenbox=\box36
\UL@skip=\skip72
\UL@hook=\toks30
\UL@pe=\count127
\UL@pixel=\dimen139
\ULC@box=\box37
Package: ulem 2000/05/26
\ULdepth=\dimen140
)
(/usr/share/texmf-dist/tex/latex/hyperref/hyperref.sty
Package: hyperref 2008/08/14 v6.78f Hypertext links for LaTeX

(/usr/share/texmf-dist/tex/generic/oberdiek/ifpdf.sty
Package: ifpdf 2007/12/12 v1.6 Provides the ifpdf switch (HO)
Package ifpdf Info: pdfTeX in pdf mode not detected.
)
(/usr/share/texmf-dist/tex/generic/oberdiek/ifvtex.sty
Package: ifvtex 2007/09/09 v1.3 Switches for detecting VTeX and its modes (HO)
Package ifvtex Info: VTeX not detected.
)
(/usr/share/texmf-dist/tex/generic/ifxetex/ifxetex.sty
Package: ifxetex 2006/08/21 v0.3 Provides ifxetex conditional
)
(/usr/share/texmf-dist/tex/latex/oberdiek/hycolor.sty
Package: hycolor 2008/08/01 v1.3 Code for color options of hyperref/bookmark (H
O)

(/usr/share/texmf-dist/tex/latex/oberdiek/xcolor-patch.sty
Package: xcolor-patch 2008/08/01 xcolor patch
))
\@linkdim=\dimen141
\Hy@linkcounter=\count128
\Hy@pagecounter=\count129

(/usr/share/texmf-dist/tex/latex/hyperref/pd1enc.def
File: pd1enc.def 2008/08/14 v6.78f Hyperref: PDFDocEncoding definition (HO)
)
(/usr/share/texmf-dist/tex/generic/oberdiek/etexcmds.sty
Package: etexcmds 2007/12/12 v1.2 Prefix for e-TeX command names (HO)

(/usr/share/texmf-dist/tex/generic/oberdiek/infwarerr.sty
Package: infwarerr 2007/09/09 v1.2 Providing info/warning/message (HO)
)
Package etexcmds Info: Could not find \expanded.
(etexcmds)             That can mean that you are not using pdfTeX 1.50 or
(etexcmds)             that some package has redefined \expanded.
(etexcmds)             In the latter case, load this package earlier.
)
(/usr/share/texmf/tex/latex/config/hyperref.cfg
File: hyperref.cfg 2002/06/06 v1.2 hyperref configuration of TeXLive
)
(/usr/share/texmf-dist/tex/latex/oberdiek/kvoptions.sty
Package: kvoptions 2007/10/18 v3.0 Keyval support for LaTeX options (HO)
)
Package hyperref Info: Hyper figures OFF on input line 2876.
Package hyperref Info: Link nesting OFF on input line 2881.
Package hyperref Info: Hyper index ON on input line 2884.
Package hyperref Info: Plain pages OFF on input line 2891.
Package hyperref Info: Backreferencing OFF on input line 2896.

Implicit mode ON; LaTeX internals redefined
Package hyperref Info: Bookmarks ON on input line 3086.
(/usr/share/texmf-dist/tex/latex/ltxmisc/url.sty
\Urlmuskip=\muskip11
Package: url 2006/04/12  ver 3.3  Verb mode for urls, etc.
)
LaTeX Info: Redefining \url on input line 3272.

(/usr/share/texmf-dist/tex/generic/oberdiek/bitset.sty
Package: bitset 2007/09/28 v1.0 Data type bit set (HO)

(/usr/share/texmf-dist/tex/generic/oberdiek/intcalc.sty
Package: intcalc 2007/09/27 v1.1 Expandable integer calculations (HO)
)
(/usr/share/texmf-dist/tex/generic/oberdiek/bigintcalc.sty
Package: bigintcalc 2007/11/11 v1.1 Expandable big integer calculations (HO)

(/usr/share/texmf-dist/tex/generic/oberdiek/pdftexcmds.sty
Package: pdftexcmds 2007/12/12 v0.3 LuaTeX support for pdfTeX utility functions
 (HO)
Package pdftexcmds Info: LuaTeX not detected on input line 139.
)))
(/usr/share/texmf-dist/tex/generic/oberdiek/kvsetkeys.sty
Package: kvsetkeys 2007/09/29 v1.3 Key value parser with default handler suppor
t (HO)
)
\Fld@menulength=\count130
\Field@Width=\dimen142
\Fld@charsize=\dimen143
\Field@toks=\toks31
Package hyperref Info: Hyper figures OFF on input line 4189.
Package hyperref Info: Link nesting OFF on input line 4194.
Package hyperref Info: Hyper index ON on input line 4197.
Package hyperref Info: backreferencing OFF on input line 4204.
Package hyperref Info: Link coloring OFF on input line 4209.
Package hyperref Info: Link coloring with OCG OFF on input line 4214.
Package hyperref Info: PDF/A mode OFF on input line 4219.

(/usr/share/texmf-dist/tex/generic/oberdiek/atbegshi.sty
Package: atbegshi 2008/07/31 v1.9 At begin shipout hook (HO)
)
\Hy@abspage=\count131
\c@Item=\count132
)
*hyperref using default driver hdvips*
(/usr/share/texmf-dist/tex/latex/hyperref/hdvips.def
File: hdvips.def 2008/08/14 v6.78f Hyperref driver for dvips

(/usr/share/texmf-dist/tex/latex/hyperref/pdfmark.def
File: pdfmark.def 2008/08/14 v6.78f Hyperref definitions for pdfmark specials
\pdf@docset=\toks32
\pdf@box=\box38
\pdf@toks=\toks33
\pdf@defaulttoks=\toks34
\Fld@listcount=\count133
)) (./ktex.sty
\c@rowcolorized=\count134
)
(/usr/share/texmf-dist/tex/latex/amsfonts/amssymb.sty
Package: amssymb 2002/01/22 v2.2d

(/usr/share/texmf-dist/tex/latex/amsfonts/amsfonts.sty
Package: amsfonts 2001/10/25 v2.2f
\symAMSa=\mathgroup4
\symAMSb=\mathgroup5
LaTeX Font Info:    Overwriting math alphabet `\mathfrak' in version `bold'
(Font)                  U/euf/m/n --> U/euf/b/n on input line 132.
))
(/usr/share/texmf-dist/tex/latex/base/textcomp.sty
Package: textcomp 2005/09/27 v1.99g Standard LaTeX package
Package textcomp Info: Sub-encoding information:
(textcomp)               5 = only ISO-Adobe without \textcurrency
(textcomp)               4 = 5 + \texteuro
(textcomp)               3 = 4 + \textohm
(textcomp)               2 = 3 + \textestimated + \textcurrency
(textcomp)               1 = TS1 - \textcircled - \t
(textcomp)               0 = TS1 (full)
(textcomp)             Font families with sub-encoding setting implement
(textcomp)             only a restricted character set as indicated.
(textcomp)             Family '?' is the default used for unknown fonts.
(textcomp)             See the documentation for details.
Package textcomp Info: Setting ? sub-encoding to TS1/1 on input line 71.

(/usr/share/texmf-dist/tex/latex/base/ts1enc.def
File: ts1enc.def 2001/06/05 v3.0e (jk/car/fm) Standard LaTeX file
)
LaTeX Info: Redefining \oldstylenums on input line 266.
Package textcomp Info: Setting cmr sub-encoding to TS1/0 on input line 281.
Package textcomp Info: Setting cmss sub-encoding to TS1/0 on input line 282.
Package textcomp Info: Setting cmtt sub-encoding to TS1/0 on input line 283.
Package textcomp Info: Setting cmvtt sub-encoding to TS1/0 on input line 284.
Package textcomp Info: Setting cmbr sub-encoding to TS1/0 on input line 285.
Package textcomp Info: Setting cmtl sub-encoding to TS1/0 on input line 286.
Package textcomp Info: Setting ccr sub-encoding to TS1/0 on input line 287.
Package textcomp Info: Setting ptm sub-encoding to TS1/4 on input line 288.
Package textcomp Info: Setting pcr sub-encoding to TS1/4 on input line 289.
Package textcomp Info: Setting phv sub-encoding to TS1/4 on input line 290.
Package textcomp Info: Setting ppl sub-encoding to TS1/3 on input line 291.
Package textcomp Info: Setting pag sub-encoding to TS1/4 on input line 292.
Package textcomp Info: Setting pbk sub-encoding to TS1/4 on input line 293.
Package textcomp Info: Setting pnc sub-encoding to TS1/4 on input line 294.
Package textcomp Info: Setting pzc sub-encoding to TS1/4 on input line 295.
Package textcomp Info: Setting bch sub-encoding to TS1/4 on input line 296.
Package textcomp Info: Setting put sub-encoding to TS1/5 on input line 297.
Package textcomp Info: Setting uag sub-encoding to TS1/5 on input line 298.
Package textcomp Info: Setting ugq sub-encoding to TS1/5 on input line 299.
Package textcomp Info: Setting ul8 sub-encoding to TS1/4 on input line 300.
Package textcomp Info: Setting ul9 sub-encoding to TS1/4 on input line 301.
Package textcomp Info: Setting augie sub-encoding to TS1/5 on input line 302.
Package textcomp Info: Setting dayrom sub-encoding to TS1/3 on input line 303.
Package textcomp Info: Setting dayroms sub-encoding to TS1/3 on input line 304.

Package textcomp Info: Setting pxr sub-encoding to TS1/0 on input line 305.
Package textcomp Info: Setting pxss sub-encoding to TS1/0 on input line 306.
Package textcomp Info: Setting pxtt sub-encoding to TS1/0 on input line 307.
Package textcomp Info: Setting txr sub-encoding to TS1/0 on input line 308.
Package textcomp Info: Setting txss sub-encoding to TS1/0 on input line 309.
Package textcomp Info: Setting txtt sub-encoding to TS1/0 on input line 310.
Package textcomp Info: Setting futs sub-encoding to TS1/4 on input line 311.
Package textcomp Info: Setting futx sub-encoding to TS1/4 on input line 312.
Package textcomp Info: Setting futj sub-encoding to TS1/4 on input line 313.
Package textcomp Info: Setting hlh sub-encoding to TS1/3 on input line 314.
Package textcomp Info: Setting hls sub-encoding to TS1/3 on input line 315.
Package textcomp Info: Setting hlst sub-encoding to TS1/3 on input line 316.
Package textcomp Info: Setting hlct sub-encoding to TS1/5 on input line 317.
Package textcomp Info: Setting hlx sub-encoding to TS1/5 on input line 318.
Package textcomp Info: Setting hlce sub-encoding to TS1/5 on input line 319.
Package textcomp Info: Setting hlcn sub-encoding to TS1/5 on input line 320.
Package textcomp Info: Setting hlcw sub-encoding to TS1/5 on input line 321.
Package textcomp Info: Setting hlcf sub-encoding to TS1/5 on input line 322.
Package textcomp Info: Setting pplx sub-encoding to TS1/3 on input line 323.
Package textcomp Info: Setting pplj sub-encoding to TS1/3 on input line 324.
Package textcomp Info: Setting ptmx sub-encoding to TS1/4 on input line 325.
Package textcomp Info: Setting ptmj sub-encoding to TS1/4 on input line 326.
)

Package Fancyhdr Warning: \fancyhead's `E' option without twoside option is use
less on input line 49.


Package Fancyhdr Warning: \fancyhead's `E' option without twoside option is use
less on input line 54.

(/usr/share/texmf-dist/tex/latex/carlisle/ltxtable.sty
Package: ltxtable 1995/12/11 v0.2 longtable/tabularx merge (DPC)
) (./version.tex)
(/usr/share/texmf-dist/tex/latex/rotating/rotating.sty
Package: rotating 2008/06/06 v2.15b rotated objects in LaTeX
\c@r@tfl@t=\count135
\rotFPtop=\skip73
\rotFPbot=\skip74
\rot@float@box=\box39
\rot@mess@toks=\toks35
)

Package Fancyhdr Warning: \fancyfoot's `E' option without twoside option is use
less on input line 101.

(./nw.aux)
\openout1 = `nw.aux'.

LaTeX Font Info:    Checking defaults for OML/cmm/m/it on input line 108.
LaTeX Font Info:    ... okay on input line 108.
LaTeX Font Info:    Checking defaults for T1/cmr/m/n on input line 108.
LaTeX Font Info:    ... okay on input line 108.
LaTeX Font Info:    Checking defaults for OT1/cmr/m/n on input line 108.
LaTeX Font Info:    ... okay on input line 108.
LaTeX Font Info:    Checking defaults for OMS/cmsy/m/n on input line 108.
LaTeX Font Info:    ... okay on input line 108.
LaTeX Font Info:    Checking defaults for OMX/cmex/m/n on input line 108.
LaTeX Font Info:    ... okay on input line 108.
LaTeX Font Info:    Checking defaults for U/cmr/m/n on input line 108.
LaTeX Font Info:    ... okay on input line 108.
LaTeX Font Info:    Checking defaults for PD1/pdf/m/n on input line 108.
LaTeX Font Info:    ... okay on input line 108.
LaTeX Font Info:    Checking defaults for TS1/cmr/m/n on input line 108.
LaTeX Font Info:    Try loading font information for TS1+cmr on input line 108.

 (/usr/share/texmf-dist/tex/latex/base/ts1cmr.fd
File: ts1cmr.fd 1999/05/25 v2.5h Standard LaTeX font definitions
)
LaTeX Font Info:    ... okay on input line 108.
-------------------- Geometry parameters
paper: a4paper
landscape: --
twocolumn: --
twoside: --
asymmetric: --
h-parts: 99.58464pt, 426.79135pt, 71.13188pt
v-parts: 71.13188pt, 702.78308pt, 71.13188pt
hmarginratio: --
vmarginratio: --
lines: --
heightrounded: --
bindingoffset: 0.0pt
truedimen: --
includehead: --
includefoot: --
includemp: --
driver: 
-------------------- Page layout dimensions and switches
\paperwidth  597.50787pt
\paperheight 845.04684pt
\textwidth  426.79135pt
\textheight 702.78308pt
\oddsidemargin  27.31465pt
\evensidemargin 27.31465pt
\topmargin  -38.1381pt
\headheight 12.0pt
\headsep    25.0pt
\footskip   30.0pt
\marginparwidth 35.0pt
\marginparsep   10.0pt
\columnsep  10.0pt
\skip\footins  10.8pt plus 4.0pt minus 2.0pt
\hoffset 0.0pt
\voffset 0.0pt
\mag 1000

(1in=72.27pt, 1cm=28.45pt)
-----------------------
Package caption Info: Begin \AtBeginDocument code.
Package caption3 Info: subfig package 1.2 or 1.3 is loaded.
LaTeX Info: Redefining \subref on input line 108.
Package caption Info: Incompatible package detected (regarding \@caption).
(caption)             \@caption = \long macro:#1[#2]#3->\csname par\endcsname \
addcontentsline {\csname ext@#1\endcsname }{#1}{\protect \numberline {\csname t
he#1\endcsname .}{\ignorespaces #2}}\begingroup \@parboxrestore \if@minipage \@
setminipage \fi \normalsize \@makecaption {\csname fnum@#1\endcsname }{\ignores
paces #3}\csname par\endcsname \endgroup .


Package caption Warning: \caption will not be redefined since it's already
(caption)                redefined by a document class or package which is
(caption)                unknown to the caption package.
See the caption package documentation for explanation.

Package caption Info: hyperref package is loaded.
Package caption Info: longtable package is loaded.
(/usr/share/texmf-dist/tex/latex/caption/ltcaption.sty
Package: ltcaption 2008/03/28 v1.2 longtable captions (AR)
)
Package caption Info: rotating package is loaded.
Package caption Info: End \AtBeginDocument code.
Package hyperref Info: Link coloring OFF on input line 108.

(/usr/share/texmf-dist/tex/latex/hyperref/nameref.sty
Package: nameref 2007/05/29 v2.31 Cross-referencing by name of section

(/usr/share/texmf-dist/tex/latex/oberdiek/refcount.sty
Package: refcount 2008/08/11 v3.1 Data extraction from references (HO)
)
\c@section@level=\count136
)
LaTeX Info: Redefining \ref on input line 108.
LaTeX Info: Redefining \pageref on input line 108.
 (./nw.out) (./nw.out)
\@outlinefile=\write4
\openout4 = `nw.out'.

\AtBeginShipoutBox=\box40

(./parts/10_cover.tex
File: fig/elte-t.eps Graphic file (type eps)
 <fig/elte-t.eps>
LaTeX Font Info:    Try loading font information for U+msa on input line 78.

(/usr/share/texmf-dist/tex/latex/amsfonts/umsa.fd
File: umsa.fd 2002/01/19 v2.2g AMS font definitions
)
LaTeX Font Info:    Try loading font information for U+msb on input line 78.

(/usr/share/texmf-dist/tex/latex/amsfonts/umsb.fd
File: umsb.fd 2002/01/19 v2.2g AMS font definitions
)
Overfull \hbox (20.23589pt too wide) in paragraph at lines 69--98
[]$[]$ $[]$ 
 []


Overfull \hbox (17.62482pt too wide) in paragraph at lines 100--101
[][] 
 []

[1

] [1] (./nw.toc)
\tf@toc=\write5
\openout5 = `nw.toc'.

 [1] (./nw.lof)
\tf@lof=\write6
\openout6 = `nw.lof'.

 [2]) (./parts/20_intro.tex

Package hyperref Warning: No destination for bookmark of \addcontentsline,
(hyperref)                destination is added on input line 2.


Package Fancyhdr Warning: \headheight is too small (12.0pt): 
 Make it at least 14.49998pt.
 We now make it that large for the rest of the document.
 This may cause the page layout to be inconsistent, however.

[3]
Overfull \hbox (3.1889pt too wide) in paragraph at lines 31--35
\OT1/cmr/m/n/12 h^^Sal^^Sozatki^^Sep^^S^^Pt^^Sesben seg^^S^^Pthet, il-letve le-
hetn^^Senek s^^Ser^^?ultek, akik-nek ^^S^^Pgy le-het}os^^Seget ny^^Sujt-
 []


Package Fancyhdr Warning: \headheight is too small (12.0pt): 
 Make it at least 14.49998pt.
 We now make it that large for the rest of the document.
 This may cause the page layout to be inconsistent, however.

[4]) (./parts/30_problem.tex
File: dia/problem.eps Graphic file (type eps)
 <dia/problem.eps>
File: dia/problem_2.eps Graphic file (type eps)
 <dia/problem_2.eps>
Overfull \hbox (2.14447pt too wide) in paragraph at lines 49--50
\OT1/cmr/m/n/12 meg-old^^So al-go-rit-mus nem haszn^^Salhat fel tetsz}oleges me
nnyis^^Seg}ut ebb}ol az er}oforr^^Sasb^^Sol.
 []


Package Fancyhdr Warning: \headheight is too small (12.0pt): 
 Make it at least 14.49998pt.
 We now make it that large for the rest of the document.
 This may cause the page layout to be inconsistent, however.

[5]

Package Fancyhdr Warning: \headheight is too small (12.0pt): 
 Make it at least 14.49998pt.
 We now make it that large for the rest of the document.
 This may cause the page layout to be inconsistent, however.

[6]

Package hyperref Warning: The anchor of a bookmark and its parent's must not
(hyperref)                be the same. Added a new anchor on input line 77.


Package Fancyhdr Warning: \headheight is too small (12.0pt): 
 Make it at least 14.49998pt.
 We now make it that large for the rest of the document.
 This may cause the page layout to be inconsistent, however.

[7]) (./parts/40_alg_overview.tex

Package hyperref Warning: The anchor of a bookmark and its parent's must not
(hyperref)                be the same. Added a new anchor on input line 11.


Overfull \hbox (3.7927pt too wide) in paragraph at lines 20--23
\OT1/cmr/m/n/12 sz^^So. A p^^Saszt^^Saz^^Sok fel-adata megsz^^?untetni azt, hog
y egy-egy net-wor-ker l^^Sat^^Sot^^Savols^^Sag^^Saban
 []


Overfull \hbox (2.71355pt too wide) in paragraph at lines 26--27
[]\OT1/cmr/m/n/12 A to-ronyk^^Sent vi-sel-ked}o ro-bo-tok a h^^Sal^^Sozat inf-r
a-strukt^^Sur^^Saj^^Sat biz-tos^^S^^Ptj^^Sak. Je-lent}osen
 []


Package Fancyhdr Warning: \headheight is too small (12.0pt): 
 Make it at least 14.49998pt.
 We now make it that large for the rest of the document.
 This may cause the page layout to be inconsistent, however.

[8]

Package Fancyhdr Warning: \headheight is too small (12.0pt): 
 Make it at least 15.71667pt.
 We now make it that large for the rest of the document.
 This may cause the page layout to be inconsistent, however.

[9]
Underfull \hbox (badness 10000) in paragraph at lines 53--54

 []


Underfull \hbox (badness 10000) in paragraph at lines 60--62

 []


Underfull \hbox (badness 10000) in paragraph at lines 62--63

 []


Package Fancyhdr Warning: \headheight is too small (12.0pt): 
 Make it at least 15.71667pt.
 We now make it that large for the rest of the document.
 This may cause the page layout to be inconsistent, however.

[10]
Overfull \hbox (3.45001pt too wide) in paragraph at lines 81--87
\OT1/cmr/m/n/12 tel egy bi-zo-nyos szint}u pro-to-kollt, mely a k^^?ovet-kez}ok
^^Sepp fogalmaz-hat^^So meg: amennyi-
 []

) (./parts/50_sweep.tex

Package Fancyhdr Warning: \headheight is too small (12.0pt): 
 Make it at least 15.71667pt.
 We now make it that large for the rest of the document.
 This may cause the page layout to be inconsistent, however.

[11]

Package hyperref Warning: Token not allowed in a PDF string (PDFDocEncoding),
(hyperref)                removing `math shift' on input line 3.


Package hyperref Warning: Token not allowed in a PDF string (PDFDocEncoding),
(hyperref)                removing `\setbox' on input line 3.


Package hyperref Warning: Token not allowed in a PDF string (PDFDocEncoding),
(hyperref)                removing `\z@' on input line 3.


Package hyperref Warning: Token not allowed in a PDF string (PDFDocEncoding),
(hyperref)                removing `\hbox' on input line 3.


Package hyperref Warning: Token not allowed in a PDF string (PDFDocEncoding),
(hyperref)                removing `\frozen@everymath' on input line 3.


Package hyperref Warning: Token not allowed in a PDF string (PDFDocEncoding),
(hyperref)                removing `\@emptytoks' on input line 3.


Package hyperref Warning: Token not allowed in a PDF string (PDFDocEncoding),
(hyperref)                removing `\mathsurround' on input line 3.


Package hyperref Warning: Token not allowed in a PDF string (PDFDocEncoding),
(hyperref)                removing `\z@' on input line 3.


Package hyperref Warning: Token not allowed in a PDF string (PDFDocEncoding),
(hyperref)                removing `math shift' on input line 3.


Package hyperref Warning: Token not allowed in a PDF string (PDFDocEncoding),
(hyperref)                removing `\textstyle' on input line 3.


Package hyperref Warning: Token not allowed in a PDF string (PDFDocEncoding),
(hyperref)                removing `math shift' on input line 3.


Package hyperref Warning: Token not allowed in a PDF string (PDFDocEncoding),
(hyperref)                removing `\mathaccent' on input line 3.


Package hyperref Warning: Token not allowed in a PDF string (PDFDocEncoding),
(hyperref)                removing `math shift' on input line 3.

File: dia/sweep_f.eps Graphic file (type eps)
<dia/sweep_f.eps>

Package Fancyhdr Warning: \headheight is too small (12.0pt): 
 Make it at least 14.49998pt.
 We now make it that large for the rest of the document.
 This may cause the page layout to be inconsistent, however.

[12]
File: dia/sweep_hexagon.eps Graphic file (type eps)
 <dia/sweep_hexagon.eps>
File: dia/sweep_start.eps Graphic file (type eps)
 <dia/sweep_start.eps>

LaTeX Warning: `!h' float specifier changed to `!ht'.


Package Fancyhdr Warning: \headheight is too small (12.0pt): 
 Make it at least 14.49998pt.
 We now make it that large for the rest of the document.
 This may cause the page layout to be inconsistent, however.

[13]

Package Fancyhdr Warning: \headheight is too small (12.0pt): 
 Make it at least 14.49998pt.
 We now make it that large for the rest of the document.
 This may cause the page layout to be inconsistent, however.

[14]) (./parts/60_recon.tex

Package hyperref Warning: Token not allowed in a PDF string (PDFDocEncoding),
(hyperref)                removing `math shift' on input line 1.


Package hyperref Warning: Token not allowed in a PDF string (PDFDocEncoding),
(hyperref)                removing `\setbox' on input line 1.


Package hyperref Warning: Token not allowed in a PDF string (PDFDocEncoding),
(hyperref)                removing `\z@' on input line 1.


Package hyperref Warning: Token not allowed in a PDF string (PDFDocEncoding),
(hyperref)                removing `\hbox' on input line 1.


Package hyperref Warning: Token not allowed in a PDF string (PDFDocEncoding),
(hyperref)                removing `\frozen@everymath' on input line 1.


Package hyperref Warning: Token not allowed in a PDF string (PDFDocEncoding),
(hyperref)                removing `\@emptytoks' on input line 1.


Package hyperref Warning: Token not allowed in a PDF string (PDFDocEncoding),
(hyperref)                removing `\mathsurround' on input line 1.


Package hyperref Warning: Token not allowed in a PDF string (PDFDocEncoding),
(hyperref)                removing `\z@' on input line 1.


Package hyperref Warning: Token not allowed in a PDF string (PDFDocEncoding),
(hyperref)                removing `math shift' on input line 1.


Package hyperref Warning: Token not allowed in a PDF string (PDFDocEncoding),
(hyperref)                removing `\textstyle' on input line 1.


Package hyperref Warning: Token not allowed in a PDF string (PDFDocEncoding),
(hyperref)                removing `math shift' on input line 1.


Package hyperref Warning: Token not allowed in a PDF string (PDFDocEncoding),
(hyperref)                removing `\mathaccent' on input line 1.


Package hyperref Warning: Token not allowed in a PDF string (PDFDocEncoding),
(hyperref)                removing `math shift' on input line 1.


Package hyperref Warning: The anchor of a bookmark and its parent's must not
(hyperref)                be the same. Added a new anchor on input line 12.


Package hyperref Warning: Glyph not defined in PD1 encoding,
(hyperref)                removing `\H' on input line 12.

File: dia/scan_merge.eps Graphic file (type eps)
<dia/scan_merge.eps>
Underfull \hbox (badness 10000) in paragraph at lines 22--22
[]\OT1/cmr/m/n/12 5. ^^Sabra. \OT1/cmr/m/it/12 Fel-der^^S^^Pt}ok
 []


Overfull \hbox (3.68053pt too wide) in paragraph at lines 35--39
[]\OT1/cmr/m/n/12 Minden []t^^Sarsulni v^^Sagy^^So'' ro-bot-nak egy^^Sertelm}u 
hely^^Senek
 []


Underfull \hbox (badness 6961) in paragraph at lines 42--43
[]\OT1/cmr/m/n/12 Ha egy id}opillanatban egy $\OML/cmm/b/it/12 r$ \OT1/cmr/m/n/
12 so-ro-zat-sz^^Sa-m^^Su
 []


Package Fancyhdr Warning: \headheight is too small (12.0pt): 
 Make it at least 14.49998pt.
 We now make it that large for the rest of the document.
 This may cause the page layout to be inconsistent, however.

[15]

Package hyperref Warning: Glyph not defined in PD1 encoding,
(hyperref)                removing `\H' on input line 65.


Package Fancyhdr Warning: \headheight is too small (12.0pt): 
 Make it at least 14.49998pt.
 We now make it that large for the rest of the document.
 This may cause the page layout to be inconsistent, however.

[16]
File: fig/scan_repos.eps Graphic file (type eps)
 <fig/scan_repos.eps>

Package Fancyhdr Warning: \headheight is too small (12.0pt): 
 Make it at least 14.49998pt.
 We now make it that large for the rest of the document.
 This may cause the page layout to be inconsistent, however.

[17]
Overfull \hbox (1.68753pt too wide) in paragraph at lines 160--162
[]\OT1/cmr/m/n/12 a fenn-ma-rad^^So energi^^Sat m^^Sar sza-ba-don haszn^^Salhat
juk a k^^?ormozg^^Sas ki-alak^^S^^Pt^^Sas^^Sahoz 
 []


Package Fancyhdr Warning: \headheight is too small (12.0pt): 
 Make it at least 14.49998pt.
 We now make it that large for the rest of the document.
 This may cause the page layout to be inconsistent, however.

[18]
File: dia/scan_degree_break.eps Graphic file (type eps)
 <dia/scan_degree_break.eps>

Package Fancyhdr Warning: \headheight is too small (12.0pt): 
 Make it at least 14.49998pt.
 We now make it that large for the rest of the document.
 This may cause the page layout to be inconsistent, however.

[19]
Overfull \hbox (4.7573pt too wide) in paragraph at lines 251--256
[]\OT1/cmr/m/n/12 Ez^^Sert a $[]$[]^^?uze-nete tar-tal-mazza a for-dul^^Sasi po
ntt^^Sol val^^So t^^Sa-vol-s^^Sa-got (szom-
 []


Package Fancyhdr Warning: \headheight is too small (12.0pt): 
 Make it at least 14.49998pt.
 We now make it that large for the rest of the document.
 This may cause the page layout to be inconsistent, however.

[20]

Package Fancyhdr Warning: \headheight is too small (12.0pt): 
 Make it at least 14.49998pt.
 We now make it that large for the rest of the document.
 This may cause the page layout to be inconsistent, however.

[21]

Package Fancyhdr Warning: \headheight is too small (12.0pt): 
 Make it at least 14.49998pt.
 We now make it that large for the rest of the document.
 This may cause the page layout to be inconsistent, however.

[22]) (./parts/70_tower.tex

Package hyperref Warning: Token not allowed in a PDF string (PDFDocEncoding),
(hyperref)                removing `math shift' on input line 1.


Package hyperref Warning: Token not allowed in a PDF string (PDFDocEncoding),
(hyperref)                removing `\setbox' on input line 1.


Package hyperref Warning: Token not allowed in a PDF string (PDFDocEncoding),
(hyperref)                removing `\z@' on input line 1.


Package hyperref Warning: Token not allowed in a PDF string (PDFDocEncoding),
(hyperref)                removing `\hbox' on input line 1.


Package hyperref Warning: Token not allowed in a PDF string (PDFDocEncoding),
(hyperref)                removing `\frozen@everymath' on input line 1.


Package hyperref Warning: Token not allowed in a PDF string (PDFDocEncoding),
(hyperref)                removing `\@emptytoks' on input line 1.


Package hyperref Warning: Token not allowed in a PDF string (PDFDocEncoding),
(hyperref)                removing `\mathsurround' on input line 1.


Package hyperref Warning: Token not allowed in a PDF string (PDFDocEncoding),
(hyperref)                removing `\z@' on input line 1.


Package hyperref Warning: Token not allowed in a PDF string (PDFDocEncoding),
(hyperref)                removing `math shift' on input line 1.


Package hyperref Warning: Token not allowed in a PDF string (PDFDocEncoding),
(hyperref)                removing `\textstyle' on input line 1.


Package hyperref Warning: Token not allowed in a PDF string (PDFDocEncoding),
(hyperref)                removing `math shift' on input line 1.


Package hyperref Warning: Token not allowed in a PDF string (PDFDocEncoding),
(hyperref)                removing `\mathaccent' on input line 1.


Package hyperref Warning: Token not allowed in a PDF string (PDFDocEncoding),
(hyperref)                removing `math shift' on input line 1.


Package hyperref Warning: The anchor of a bookmark and its parent's must not
(hyperref)                be the same. Added a new anchor on input line 19.


Package hyperref Warning: Glyph not defined in PD1 encoding,
(hyperref)                removing `\H' on input line 19.

File: dia/spring_power.eps Graphic file (type eps)
<dia/spring_power.eps>
Overfull \hbox (4.75555pt too wide) in paragraph at lines 39--41
\OT1/cmr/m/n/12 k^^?oz^^Sep^^Sert^^Seket kel-lett ke-resni, ami a rug^^Soer}oh^
^?oz ha-sonl^^Soan va-la-mi-lyen energiaminimum-
 []


Package Fancyhdr Warning: \headheight is too small (12.0pt): 
 Make it at least 15.80243pt.
 We now make it that large for the rest of the document.
 This may cause the page layout to be inconsistent, however.

[23]
File: dia/freedist.eps Graphic file (type eps)
 <dia/freedist.eps>

Package Fancyhdr Warning: \headheight is too small (12.0pt): 
 Make it at least 15.80243pt.
 We now make it that large for the rest of the document.
 This may cause the page layout to be inconsistent, however.

[24]

Package Fancyhdr Warning: \headheight is too small (12.0pt): 
 Make it at least 15.80243pt.
 We now make it that large for the rest of the document.
 This may cause the page layout to be inconsistent, however.

[25]
File: dia/tower_stage_opt.eps Graphic file (type eps)
 <dia/tower_stage_opt.eps>

Package Fancyhdr Warning: \headheight is too small (12.0pt): 
 Make it at least 15.80243pt.
 We now make it that large for the rest of the document.
 This may cause the page layout to be inconsistent, however.

[26]) (./parts/90_opt.tex

Package Fancyhdr Warning: \headheight is too small (12.0pt): 
 Make it at least 15.80243pt.
 We now make it that large for the rest of the document.
 This may cause the page layout to be inconsistent, however.

[27]
File: dia/depth_opt.eps Graphic file (type eps)
 <dia/depth_opt.eps>

Package Fancyhdr Warning: \headheight is too small (12.0pt): 
 Make it at least 15.80243pt.
 We now make it that large for the rest of the document.
 This may cause the page layout to be inconsistent, however.

[28]

Package Fancyhdr Warning: \headheight is too small (12.0pt): 
 Make it at least 15.80243pt.
 We now make it that large for the rest of the document.
 This may cause the page layout to be inconsistent, however.

[29]

Package Fancyhdr Warning: \headheight is too small (12.0pt): 
 Make it at least 15.80243pt.
 We now make it that large for the rest of the document.
 This may cause the page layout to be inconsistent, however.

[30]
File: dia/problem_p2.eps Graphic file (type eps)
 <dia/problem_p2.eps>
File: dia/problem_2.eps Graphic file (type eps)
 <dia/problem_2.eps>
Overfull \hbox (2.36186pt too wide) in paragraph at lines 117--118
[]\OT1/cmr/m/n/12 Mivel a fel-ve-tett probl^^Sema eset^^Seben ez a $\OML/cmm/b/
it/12 T$ \OT1/cmr/m/n/12 ter-min^^Salishalmaz ak^^Sar meg is v^^Saltozhat
 []


Package Fancyhdr Warning: \headheight is too small (12.0pt): 
 Make it at least 15.80243pt.
 We now make it that large for the rest of the document.
 This may cause the page layout to be inconsistent, however.

[31]
File: dia/problem_2pw.eps Graphic file (type eps)
 <dia/problem_2pw.eps>
File: dia/problem_2px.eps Graphic file (type eps)
 <dia/problem_2px.eps>

Package Fancyhdr Warning: \headheight is too small (12.0pt): 
 Make it at least 15.80243pt.
 We now make it that large for the rest of the document.
 This may cause the page layout to be inconsistent, however.

[32]

Package Fancyhdr Warning: \headheight is too small (12.0pt): 
 Make it at least 15.80243pt.
 We now make it that large for the rest of the document.
 This may cause the page layout to be inconsistent, however.

[33]

Package Fancyhdr Warning: \headheight is too small (12.0pt): 
 Make it at least 15.80243pt.
 We now make it that large for the rest of the document.
 This may cause the page layout to be inconsistent, however.

[34]) (./parts/80_priority.tex

Package Fancyhdr Warning: \headheight is too small (12.0pt): 
 Make it at least 15.80243pt.
 We now make it that large for the rest of the document.
 This may cause the page layout to be inconsistent, however.

[35]
File: dia/fp_1.eps Graphic file (type eps)
 <dia/fp_1.eps>

Package Fancyhdr Warning: \headheight is too small (12.0pt): 
 Make it at least 15.80243pt.
 We now make it that large for the rest of the document.
 This may cause the page layout to be inconsistent, however.

[36]

Package Fancyhdr Warning: \headheight is too small (12.0pt): 
 Make it at least 15.80243pt.
 We now make it that large for the rest of the document.
 This may cause the page layout to be inconsistent, however.

[37]) (./parts/90_comm_pattern.tex
File: dia/comm1_3step.eps Graphic file (type eps)
 <dia/comm1_3step.eps>

Package Fancyhdr Warning: \headheight is too small (12.0pt): 
 Make it at least 15.80243pt.
 We now make it that large for the rest of the document.
 This may cause the page layout to be inconsistent, however.

[38]

Package Fancyhdr Warning: \headheight is too small (12.0pt): 
 Make it at least 15.80243pt.
 We now make it that large for the rest of the document.
 This may cause the page layout to be inconsistent, however.

[39]) (./parts/70_tower_algo.tex

Package hyperref Warning: Glyph not defined in PD1 encoding,
(hyperref)                removing `\H' on input line 1.


Overfull \hbox (2.33484pt too wide) in paragraph at lines 5--14
\OT1/cmr/m/n/12 A tor-nyok ^^Saltal haszn^^Salt m^^Selys^^Segm^^Ser}o cso-ma-go
k-nak a m^^Sar kor^^Sabban t^^Sargyalt m^^Sodszer
 []


Package Fancyhdr Warning: \headheight is too small (12.0pt): 
 Make it at least 15.80243pt.
 We now make it that large for the rest of the document.
 This may cause the page layout to be inconsistent, however.

[40]

Package Fancyhdr Warning: \headheight is too small (12.0pt): 
 Make it at least 15.80243pt.
 We now make it that large for the rest of the document.
 This may cause the page layout to be inconsistent, however.

[41]) (./parts/95_open_issues.tex

Package Fancyhdr Warning: \headheight is too small (12.0pt): 
 Make it at least 14.49998pt.
 We now make it that large for the rest of the document.
 This may cause the page layout to be inconsistent, however.

[42]

Package Fancyhdr Warning: \headheight is too small (12.0pt): 
 Make it at least 14.49998pt.
 We now make it that large for the rest of the document.
 This may cause the page layout to be inconsistent, however.

[43]) (./nw.bbl

Package Fancyhdr Warning: \headheight is too small (12.0pt): 
 Make it at least 14.49998pt.
 We now make it that large for the rest of the document.
 This may cause the page layout to be inconsistent, however.

[44])

Package Fancyhdr Warning: \headheight is too small (12.0pt): 
 Make it at least 14.49998pt.
 We now make it that large for the rest of the document.
 This may cause the page layout to be inconsistent, however.

[45] (./nw.aux) ) 
Here is how much of TeX's memory you used:
 8165 strings out of 495055
 115608 string characters out of 1182426
 204227 words of memory out of 3000000
 11092 multiletter control sequences out of 10000+50000
 16893 words of font info for 63 fonts, out of 3000000 for 5000
 28 hyphenation exceptions out of 8191
 44i,16n,45p,1138b,410s stack positions out of 5000i,500n,10000p,200000b,50000s

Output written on nw.dvi (47 pages, 192376 bytes).
