\BOOKMARK [1][-]{section*.1}{Bevezet\351s}{}
\BOOKMARK [1][-]{section*.1}{Feladat pontos\355t\341sa}{}
\BOOKMARK [2][-]{section*.2}{Steiner-fa}{section*.1}
\BOOKMARK [1][-]{section*.2}{Networkers algoritmus}{}
\BOOKMARK [2][-]{section*.3}{\301ttekint\351s}{section*.2}
\BOOKMARK [3][-]{section*.3}{\334zenetek}{section*.2}
\BOOKMARK [3][-]{section*.3}{Elv\341r\341sok a klienspontokt\363l}{section*.2}
\BOOKMARK [3][-]{section*.3}{Indul\341s}{section*.2}
\BOOKMARK [2][-]{section*.3}{P\341szt\341z\341s \(sweep"0362sweep\)}{section*.2}
\BOOKMARK [2][-]{section*.3}{Kollaborat\355v felder\355t\351s \(recon"0362recon\)}{section*.2}
\BOOKMARK [3][-]{section*.4}{Rendezod\351s}{section*.3}
\BOOKMARK [3][-]{section*.4}{Erot\351r}{section*.3}
\BOOKMARK [3][-]{section*.4}{L\341nchossz}{section*.3}
\BOOKMARK [3][-]{section*.4}{P\341szt\341z\341si f\341zis n\351lk\374l}{section*.3}
\BOOKMARK [2][-]{section*.4}{Gr\341fcs\372csok - tower"0362tower}{section*.2}
\BOOKMARK [3][-]{section*.5}{Rug\363erok}{section*.4}
\BOOKMARK [3][-]{section*.5}{A h\341l\363zatot reprezent\341l\363 gr\341f}{section*.4}
\BOOKMARK [3][-]{section*.5}{T\366bb forr\341s\372 m\351lys\351gm\351r\351s}{section*.4}
\BOOKMARK [3][-]{section*.5}{Priorit\341s}{section*.4}
\BOOKMARK [3][-]{section*.5}{Kommunik\341ci\363s minta}{section*.4}
\BOOKMARK [3][-]{section*.5}{Tornyok muk\366d\351se}{section*.4}
\BOOKMARK [1][-]{section*.5}{\326sszefoglal\341s}{}
\BOOKMARK [1][-]{section*.5}{Irodalomjegyz\351k}{}
